<?xml version="1.0" encoding="UTF-8"?>
<testsuite name="com.fastcampus.boardserver.BoardServerApplicationTests" tests="1" skipped="0" failures="0" errors="0" timestamp="2024-01-30T03:38:04" hostname="LAPTOP-4IJ79NKI" time="0.783">
  <properties/>
  <testcase name="contextLoads()" classname="com.fastcampus.boardserver.BoardServerApplicationTests" time="0.783"/>
  <system-out><![CDATA[12:38:01.773 [Test worker] INFO org.springframework.test.context.support.AnnotationConfigContextLoaderUtils -- Could not detect default configuration classes for test class [com.fastcampus.boardserver.BoardServerApplicationTests]: BoardServerApplicationTests does not declare any static, non-private, non-final, nested classes annotated with @Configuration.
12:38:01.854 [Test worker] INFO org.springframework.boot.test.context.SpringBootTestContextBootstrapper -- Found @SpringBootConfiguration com.fastcampus.boardserver.BoardServerApplication for test class com.fastcampus.boardserver.BoardServerApplicationTests

  .   ____          _            __ _ _
 /\\ / ___'_ __ _ _(_)_ __  __ _ \ \ \ \
( ( )\___ | '_ | '_| | '_ \/ _` | \ \ \ \
 \\/  ___)| |_)| | | | | || (_| |  ) ) ) )
  '  |____| .__|_| |_|_| |_\__, | / / / /
 =========|_|==============|___/=/_/_/_/
 :: Spring Boot ::                (v3.1.4)

2024-01-30T12:38:02.246+09:00  INFO 18440 --- [    Test worker] c.f.b.BoardServerApplicationTests        : Starting BoardServerApplicationTests using Java 19.0.2 with PID 18440 (started by PMG in C:\Users\PMG\Documents\Board-Server-issue-2)
2024-01-30T12:38:02.247+09:00  INFO 18440 --- [    Test worker] c.f.b.BoardServerApplicationTests        : No active profile set, falling back to 1 default profile: "default"
2024-01-30T12:38:04.049+09:00  INFO 18440 --- [    Test worker] c.f.b.BoardServerApplicationTests        : Started BoardServerApplicationTests in 2.026 seconds (process running for 3.074)
]]></system-out>
  <system-err><![CDATA[]]></system-err>
</testsuite>
